
   --- Expanded Deck Component Count ---
D's 1
I's 1
R's 2
V's 1
tot: 5


    --- Expanded Netlist ---
* C:\Users\user\Desktop\python_spice\pv_single_diode\pv.asc
r1 n001 0 648.203411487018
r2 n001 n002 0.05135640577927187
d1 n001 0 dpv
v1 n002 0 0
i1 0 n001 0.7798470180959874
.model dpv d(is=8.78115122895358e-06 n=1.9282807619865054 tnom=33)
.dc v1 -0.2057 0.59 0.00766
.end


Date: Wed Sep 30 08:55:19 2020
Total elapsed time: 0.156 seconds.

tnom = 27
temp = 27
method = trap
totiter = 213
traniter = 0
tranpoints = 0
accept = 0
rejected = 0
matrix size = 3
fillins = 0
solver = Normal
Matrix Compiler1: 50 bytes object code size  0.1/0.0/[0.0]
Matrix Compiler2: 175 bytes object code size  0.1/0.1/[0.1]

