
   --- Expanded Deck Component Count ---
D's 1
I's 1
R's 2
V's 1
tot: 5


    --- Expanded Netlist ---
* C:\Users\user\Desktop\python_spice\root_con\Draft1.asc
r1 n001 0 10k
r2 n002 n001 0.1
d1 n001 0 d
v1 n002 0 0
i1 0 n001 0.8
.model d d
.dc v1 0 0.87 1m
.end


Date: Wed Sep 23 10:26:48 2020
Total elapsed time: 0.079 seconds.

tnom = 27
temp = 27
method = trap
totiter = 1744
traniter = 0
tranpoints = 0
accept = 0
rejected = 0
matrix size = 3
fillins = 0
solver = Normal
Matrix Compiler1: 50 bytes object code size  0.0/0.0/[0.0]
Matrix Compiler2:      15 opcodes  0.1/[0.0]/0.0

