
   --- Expanded Deck Component Count ---
K's 1
L's 5
R's 4
V's 1
tot: 11


    --- Expanded Netlist ---
* C:\Users\user\Desktop\python_spice\root_con\Draft2.asc
r1 n002 n001 1
r2 n003 n002 1
r3 0 n004 1
r4 n006 n009 45
l1 n003 n004 1m
l2 n004 0 0.5m
l3 n005 n006 2m
l4 0 n004 1m
l5 n009 n005 9m
v1 n001 0 sine(0 192 60)
.tran 1s
k l4 l5 1
.end

WARNING: Node N005 is floating.

.OP point found by inspection.

Date: Wed Sep 23 11:32:55 2020
Total elapsed time: 0.107 seconds.

tnom = 27
temp = 27
method = modified trap
totiter = 7274
traniter = 7274
tranpoints = 2883
accept = 2043
rejected = 840
matrix size = 10
fillins = 0
solver = Normal
Matrix Compiler1: 560 bytes object code size  0.4/0.2/[0.2]
Matrix Compiler2: off  [0.2]/0.2/0.2

