
   --- Expanded Deck Component Count ---
K's 1
L's 4
R's 3
V's 1
tot: 9


    --- Expanded Netlist ---
* C:\Users\user\Desktop\python_spice\_trafo\trafo_single.asc
r1 n001 n002 2.337032258064516
l1 n002 n003 1.579667854349951
v1 n001 0 sine(0 3384.9829152116454 60)
r2 n003 0 1000.9780166177908
r3 n005 0 100
l2 n003 0 0.5435002394916911
l3 n004 0 0.1388083597262952
l4 n004 n005 0.2m
.tran 6.510416666666664e-05 0.04993489583333333 0
k l2 l3 1
.options
.end

.OP point found by inspection.

Date: Fri Feb 12 05:04:08 2021
Total elapsed time: 0.266 seconds.

tnom = 27
temp = 27
method = modified trap
totiter = 2146
traniter = 2146
tranpoints = 1074
accept = 1072
rejected = 2
matrix size = 8
fillins = 2
solver = Normal
Matrix Compiler1: 380 bytes object code size  0.3/0.2/[0.2]
Matrix Compiler2: 574 bytes object code size  0.2/0.4/[0.2]

